#
# A fatal error has been detected by the Java Runtime Environment:
#
#  EXCEPTION_ACCESS_VIOLATION (0xc0000005) at pc=0x00007ffab67e2b5e, pid=21948, tid=0x0000000000006370
#
# JRE version: OpenJDK Runtime Environment (8.0_312-b07) (build 1.8.0_312-b07)
# Java VM: OpenJDK 64-Bit Server VM (25.312-b07 mixed mode windows-amd64 compressed oops)
# Problematic frame:
# C  [nvoglv64.dll+0x1292b5e]
#
# Failed to write core dump. Minidumps are not enabled by default on client versions of Windows
#
# If you would like to submit a bug report, please visit:
#   https://github.com/adoptium/adoptium-support/issues
# The crash happened outside the Java Virtual Machine in native code.
# See problematic frame for where to report the bug.
#

---------------  T H R E A D  ---------------

Current thread (0x000001fb2d38b000):  JavaThread "main" [_thread_in_native, id=25456, stack(0x000000f9c6300000,0x000000f9c6400000)]

siginfo: ExceptionCode=0xc0000005, reading address 0x000001fb52b49000

Registers:
RAX=0x000001fb4bab9af0, RBX=0x000001fb4bab9af0, RCX=0x0000000000008984, RDX=0x0000000007066790
RSP=0x000000f9c63ff158, RBP=0x000001fb52b20280, RSI=0x000001fb52b49000, RDI=0x000001fb4bae2870
R8 =0x0000000000031704, R9 =0x0000000000000008, R10=0x000001fb52b20280, R11=0x000001fb4bab9af0
R12=0x0000000000001401, R13=0x0000000000001908, R14=0x00000000000000e1, R15=0x0000000000000de1
RIP=0x00007ffab67e2b5e, EFLAGS=0x0000000000010202

Top of Stack: (sp=0x000000f9c63ff158)
0x000000f9c63ff158:   0000000000031704 000001fb4d37a080
0x000000f9c63ff168:   00007ffab5eb598f 0000000000000000
0x000000f9c63ff178:   0000000000000000 000001fb2d378768
0x000000f9c63ff188:   0000000000000000 0000000000000000
0x000000f9c63ff198:   0000000000001908 0000000000001401
0x000000f9c63ff1a8:   000001fb52b20280 0000000000031704
0x000000f9c63ff1b8:   000000f9c63ff3d8 000001fb2d38b000
0x000000f9c63ff1c8:   000000f9c63ff3d8 000001fb47ddf888
0x000000f9c63ff1d8:   0000000000000000 0000000000001908
0x000000f9c63ff1e8:   0000000000000000 0000000000000de1
0x000000f9c63ff1f8:   00007ffadad2605a 00000000000000e1
0x000000f9c63ff208:   0000000000000000 000001fb00001908
0x000000f9c63ff218:   000001fb2d371630 000001fb000000e1
0x000000f9c63ff228:   000001fb00000000 000001fb00001908
0x000000f9c63ff238:   0000000000001401 000001fb52b20280
0x000000f9c63ff248:   000001fb2d37f320 000001fb2ee47b00 

Instructions: (pc=0x00007ffab67e2b5e)
0x00007ffab67e2b3e:   cc cc cc cc cc cc cc cc 66 66 0f 1f 84 00 00 00
0x00007ffab67e2b4e:   00 00 57 56 49 8b c3 48 8b f9 49 8b c8 49 8b f2
0x00007ffab67e2b5e:   f3 a4 5e 5f c3 cc cc cc cc cc cc 0f 1f 80 00 00
0x00007ffab67e2b6e:   00 00 4c 8b d9 4c 8b d2 49 83 f8 10 76 54 49 83 


Register to memory mapping:

RAX=0x000001fb4bab9af0 is an unknown value
RBX=0x000001fb4bab9af0 is an unknown value
RCX=0x0000000000008984 is an unknown value
RDX=0x0000000007066790 is an unknown value
RSP=0x000000f9c63ff158 is pointing into the stack for thread: 0x000001fb2d38b000
RBP=0x000001fb52b20280 is an unknown value
RSI=0x000001fb52b49000 is an unknown value
RDI=0x000001fb4bae2870 is an unknown value
R8 =0x0000000000031704 is an unknown value
R9 =0x0000000000000008 is an unknown value
R10=0x000001fb52b20280 is an unknown value
R11=0x000001fb4bab9af0 is an unknown value
R12=0x0000000000001401 is an unknown value
R13=0x0000000000001908 is an unknown value
R14=0x00000000000000e1 is an unknown value
R15=0x0000000000000de1 is an unknown value


Stack: [0x000000f9c6300000,0x000000f9c6400000],  sp=0x000000f9c63ff158,  free space=1020k
Native frames: (J=compiled Java code, j=interpreted, Vv=VM code, C=native code)
C  [nvoglv64.dll+0x1292b5e]
C  [nvoglv64.dll+0x96598f]
C  [opengl32.dll+0x2605a]
C  [lwjgl_opengl.dll+0xcc45]
C  0x000001fb2ee59c8e

Java frames: (J=compiled Java code, j=interpreted, Vv=VM code)
j  org.lwjgl.opengl.GL11C.nglTexImage2D(IIIIIIIIJ)V+0
j  org.lwjgl.opengl.GL11C.glTexImage2D(IIIIIIIILjava/nio/ByteBuffer;)V+17
j  org.lwjgl.opengl.GL11.glTexImage2D(IIIIIIIILjava/nio/ByteBuffer;)V+14
j  Dyke.renderer.Texture.<init>(Ljava/lang/String;)V+132
j  Dyke.Game.Scene.LevelScene.init()V+36
j  Dyke.Window.changeScene(I)V+37
j  Dyke.Window.init()V+162
j  Dyke.Window.run()V+33
j  Main.main([Ljava/lang/String;)V+5
v  ~StubRoutines::call_stub

---------------  P R O C E S S  ---------------

Java Threads: ( => current thread )
  0x000001fb4ad0d000 JavaThread "Service Thread" daemon [_thread_blocked, id=23568, stack(0x000000f9c7800000,0x000000f9c7900000)]
  0x000001fb4ad21800 JavaThread "C1 CompilerThread3" daemon [_thread_blocked, id=23172, stack(0x000000f9c7700000,0x000000f9c7800000)]
  0x000001fb4ad1b000 JavaThread "C2 CompilerThread2" daemon [_thread_blocked, id=18072, stack(0x000000f9c7600000,0x000000f9c7700000)]
  0x000001fb4ad18800 JavaThread "C2 CompilerThread1" daemon [_thread_blocked, id=7648, stack(0x000000f9c7500000,0x000000f9c7600000)]
  0x000001fb4ad17800 JavaThread "C2 CompilerThread0" daemon [_thread_blocked, id=17228, stack(0x000000f9c7400000,0x000000f9c7500000)]
  0x000001fb4ad0a000 JavaThread "Monitor Ctrl-Break" daemon [_thread_in_native, id=26444, stack(0x000000f9c7300000,0x000000f9c7400000)]
  0x000001fb48373000 JavaThread "Attach Listener" daemon [_thread_blocked, id=1872, stack(0x000000f9c7200000,0x000000f9c7300000)]
  0x000001fb48371800 JavaThread "Signal Dispatcher" daemon [_thread_blocked, id=26288, stack(0x000000f9c7100000,0x000000f9c7200000)]
  0x000001fb4833c800 JavaThread "Finalizer" daemon [_thread_blocked, id=25184, stack(0x000000f9c7000000,0x000000f9c7100000)]
  0x000001fb48335000 JavaThread "Reference Handler" daemon [_thread_blocked, id=14640, stack(0x000000f9c6f00000,0x000000f9c7000000)]
=>0x000001fb2d38b000 JavaThread "main" [_thread_in_native, id=25456, stack(0x000000f9c6300000,0x000000f9c6400000)]

Other Threads:
  0x000001fb2d42d800 VMThread [stack: 0x000000f9c6e00000,0x000000f9c6f00000] [id=6220]
  0x000001fb4adc6000 WatcherThread [stack: 0x000000f9c7900000,0x000000f9c7a00000] [id=24068]

VM state:not at safepoint (normal execution)

VM Mutex/Monitor currently owned by a thread: None

heap address: 0x00000006c1400000, size: 4076 MB, Compressed Oops mode: Zero based, Oop shift amount: 3
Narrow klass base: 0x0000000000000000, Narrow klass shift: 3
Compressed class space size: 1073741824 Address: 0x00000007c0000000

Heap:
 PSYoungGen      total 76288K, used 23782K [0x000000076b180000, 0x0000000770680000, 0x00000007c0000000)
  eden space 65536K, 36% used [0x000000076b180000,0x000000076c8b9860,0x000000076f180000)
  from space 10752K, 0% used [0x000000076fc00000,0x000000076fc00000,0x0000000770680000)
  to   space 10752K, 0% used [0x000000076f180000,0x000000076f180000,0x000000076fc00000)
 ParOldGen       total 175104K, used 0K [0x00000006c1400000, 0x00000006cbf00000, 0x000000076b180000)
  object space 175104K, 0% used [0x00000006c1400000,0x00000006c1400000,0x00000006cbf00000)
 Metaspace       used 8116K, capacity 8334K, committed 8576K, reserved 1056768K
  class space    used 728K, capacity 836K, committed 896K, reserved 1048576K

Card table byte_map: [0x000001fb3e200000,0x000001fb3ea00000] byte_map_base: 0x000001fb3abf6000

Marking Bits: (ParMarkBitMap*) 0x000000005e4bc860
 Begin Bits: [0x000001fb3ef50000, 0x000001fb42f00000)
 End Bits:   [0x000001fb42f00000, 0x000001fb46eb0000)

Polling page: 0x000001fb2d610000

CodeCache: size=245760Kb used=3138Kb max_used=3138Kb free=242621Kb
 bounds [0x000001fb2ee40000, 0x000001fb2f160000, 0x000001fb3de40000]
 total_blobs=1680 nmethods=701 adapters=892
 compilation: enabled

Compilation events (10 events):
Event: 0.827 Thread 0x000001fb4ad21800  695       3       sun.nio.ch.FileDispatcherImpl::read (8 bytes)
Event: 0.827 Thread 0x000001fb4ad21800 nmethod 695 0x000001fb2f14f710 code [0x000001fb2f14f880, 0x000001fb2f14fa10]
Event: 0.827 Thread 0x000001fb4ad21800  697       3       sun.nio.ch.Util$BufferCache::next (8 bytes)
Event: 0.827 Thread 0x000001fb4ad21800 nmethod 697 0x000001fb2f14fad0 code [0x000001fb2f14fc40, 0x000001fb2f14fe18]
Event: 0.827 Thread 0x000001fb4ad21800  700       3       java.nio.channels.spi.AbstractInterruptibleChannel::end (50 bytes)
Event: 0.828 Thread 0x000001fb4ad21800 nmethod 700 0x000001fb2f14fed0 code [0x000001fb2f1500a0, 0x000001fb2f150820]
Event: 0.828 Thread 0x000001fb4ad21800  701   !   3       sun.nio.ch.IOUtil::read (93 bytes)
Event: 0.828 Thread 0x000001fb4ad21800 nmethod 701 0x000001fb2f150b90 code [0x000001fb2f150d80, 0x000001fb2f151660]
Event: 0.828 Thread 0x000001fb4ad21800  698       3       java.nio.Buffer::rewind (12 bytes)
Event: 0.828 Thread 0x000001fb4ad21800 nmethod 698 0x000001fb2f1519d0 code [0x000001fb2f151b20, 0x000001fb2f151c98]

GC Heap History (0 events):
No events

Deoptimization events (5 events):
Event: 0.362 Thread 0x000001fb2d38b000 Uncommon trap: reason=unstable_if action=reinterpret pc=0x000001fb2f0097bc method=java.lang.String.indexOf([CII[CIII)I @ 3
Event: 0.376 Thread 0x000001fb2d38b000 Uncommon trap: reason=bimorphic action=maybe_recompile pc=0x000001fb2f03f990 method=java.util.HashMap.getNode(ILjava/lang/Object;)Ljava/util/HashMap$Node; @ 126
Event: 0.376 Thread 0x000001fb2d38b000 Uncommon trap: reason=bimorphic action=maybe_recompile pc=0x000001fb2f03f990 method=java.util.HashMap.getNode(ILjava/lang/Object;)Ljava/util/HashMap$Node; @ 126
Event: 0.386 Thread 0x000001fb2d38b000 Uncommon trap: reason=bimorphic action=maybe_recompile pc=0x000001fb2f03f990 method=java.util.HashMap.getNode(ILjava/lang/Object;)Ljava/util/HashMap$Node; @ 126
Event: 0.386 Thread 0x000001fb2d38b000 Uncommon trap: reason=bimorphic action=maybe_recompile pc=0x000001fb2f03f990 method=java.util.HashMap.getNode(ILjava/lang/Object;)Ljava/util/HashMap$Node; @ 126

Classes redefined (0 events):
No events

Internal exceptions (10 events):
Event: 0.404 Thread 0x000001fb2d38b000 Exception <a 'sun/nio/fs/WindowsException'> (0x000000076c136d28) thrown at [E:\jenkins\tmp\workspace\build\src\hotspot\src\share\vm\prims\jni.cpp, line 711]
Event: 0.404 Thread 0x000001fb2d38b000 Exception <a 'sun/nio/fs/WindowsException'> (0x000000076c137448) thrown at [E:\jenkins\tmp\workspace\build\src\hotspot\src\share\vm\prims\jni.cpp, line 711]
Event: 0.434 Thread 0x000001fb2d38b000 Exception <a 'sun/nio/fs/WindowsException'> (0x000000076c23ea60) thrown at [E:\jenkins\tmp\workspace\build\src\hotspot\src\share\vm\prims\jni.cpp, line 711]
Event: 0.434 Thread 0x000001fb2d38b000 Exception <a 'sun/nio/fs/WindowsException'> (0x000000076c23f130) thrown at [E:\jenkins\tmp\workspace\build\src\hotspot\src\share\vm\prims\jni.cpp, line 711]
Event: 0.660 Thread 0x000001fb2d38b000 Exception <a 'sun/nio/fs/WindowsException'> (0x000000076c3545d0) thrown at [E:\jenkins\tmp\workspace\build\src\hotspot\src\share\vm\prims\jni.cpp, line 711]
Event: 0.660 Thread 0x000001fb2d38b000 Exception <a 'sun/nio/fs/WindowsException'> (0x000000076c354d08) thrown at [E:\jenkins\tmp\workspace\build\src\hotspot\src\share\vm\prims\jni.cpp, line 711]
Event: 0.666 Thread 0x000001fb2d38b000 Exception <a 'sun/nio/fs/WindowsException'> (0x000000076c37efc8) thrown at [E:\jenkins\tmp\workspace\build\src\hotspot\src\share\vm\prims\jni.cpp, line 711]
Event: 0.666 Thread 0x000001fb2d38b000 Exception <a 'sun/nio/fs/WindowsException'> (0x000000076c37f5b8) thrown at [E:\jenkins\tmp\workspace\build\src\hotspot\src\share\vm\prims\jni.cpp, line 711]
Event: 0.824 Thread 0x000001fb2d38b000 Exception <a 'sun/nio/fs/WindowsException'> (0x000000076c7db1f8) thrown at [E:\jenkins\tmp\workspace\build\src\hotspot\src\share\vm\prims\jni.cpp, line 711]
Event: 0.824 Thread 0x000001fb2d38b000 Exception <a 'sun/nio/fs/WindowsException'> (0x000000076c7db8f0) thrown at [E:\jenkins\tmp\workspace\build\src\hotspot\src\share\vm\prims\jni.cpp, line 711]

Events (10 events):
Event: 0.811 loading class org/lwjgl/system/APIUtil$Encoder
Event: 0.811 loading class org/lwjgl/system/APIUtil$Encoder done
Event: 0.812 loading class org/lwjgl/system/libc/LibCString
Event: 0.812 loading class org/lwjgl/system/libc/LibCString done
Event: 0.813 loading class Dyke/renderer/Texture
Event: 0.813 loading class Dyke/renderer/Texture done
Event: 0.815 loading class org/lwjgl/stb/STBImage
Event: 0.815 loading class org/lwjgl/stb/STBImage done
Event: 0.816 loading class org/lwjgl/stb/LibSTB
Event: 0.816 loading class org/lwjgl/stb/LibSTB done


Dynamic libraries:
0x00007ff73adc0000 - 0x00007ff73adfa000 	C:\Users\rayan\.gradle\jdks\jdk8u312-b07\bin\java.exe
0x00007ffb12070000 - 0x00007ffb12268000 	C:\WINDOWS\SYSTEM32\ntdll.dll
0x00007ffb11690000 - 0x00007ffb1174f000 	C:\WINDOWS\System32\KERNEL32.DLL
0x00007ffb0fa50000 - 0x00007ffb0fd2a000 	C:\WINDOWS\System32\KERNELBASE.dll
0x00007ffb111c0000 - 0x00007ffb1126e000 	C:\WINDOWS\System32\ADVAPI32.dll
0x00007ffb100d0000 - 0x00007ffb1016e000 	C:\WINDOWS\System32\msvcrt.dll
0x00007ffb106a0000 - 0x00007ffb1073c000 	C:\WINDOWS\System32\sechost.dll
0x00007ffb114e0000 - 0x00007ffb11606000 	C:\WINDOWS\System32\RPCRT4.dll
0x00007ffb11cf0000 - 0x00007ffb11e8d000 	C:\WINDOWS\System32\USER32.dll
0x00007ffb0f8e0000 - 0x00007ffb0f902000 	C:\WINDOWS\System32\win32u.dll
0x00007ffb10f60000 - 0x00007ffb10f8b000 	C:\WINDOWS\System32\GDI32.dll
0x00007ffb0f7d0000 - 0x00007ffb0f8e0000 	C:\WINDOWS\System32\gdi32full.dll
0x00007ffb10030000 - 0x00007ffb100cd000 	C:\WINDOWS\System32\msvcp_win.dll
0x00007ffb0fd30000 - 0x00007ffb0fe30000 	C:\WINDOWS\System32\ucrtbase.dll
0x00007ffafd5a0000 - 0x00007ffafd83a000 	C:\WINDOWS\WinSxS\amd64_microsoft.windows.common-controls_6595b64144ccf1df_6.0.19041.1110_none_60b5254171f9507e\COMCTL32.dll
0x00007ffb11cc0000 - 0x00007ffb11cf0000 	C:\WINDOWS\System32\IMM32.DLL
0x00007ffae2ed0000 - 0x00007ffae2fbf000 	C:\Users\rayan\.gradle\jdks\jdk8u312-b07\jre\bin\msvcr120.dll
0x00007ffaca380000 - 0x00007ffaca426000 	C:\Users\rayan\.gradle\jdks\jdk8u312-b07\jre\bin\msvcp120.dll
0x000000005dcd0000 - 0x000000005e53b000 	C:\Users\rayan\.gradle\jdks\jdk8u312-b07\jre\bin\server\jvm.dll
0x00007ffb105e0000 - 0x00007ffb105e8000 	C:\WINDOWS\System32\PSAPI.DLL
0x00007ffb06cc0000 - 0x00007ffb06ce7000 	C:\WINDOWS\SYSTEM32\WINMM.dll
0x00007ffaf7a60000 - 0x00007ffaf7a69000 	C:\WINDOWS\SYSTEM32\WSOCK32.dll
0x00007ffb08010000 - 0x00007ffb0801a000 	C:\WINDOWS\SYSTEM32\VERSION.dll
0x00007ffb11e90000 - 0x00007ffb11efb000 	C:\WINDOWS\System32\WS2_32.dll
0x00007ffb0a8f0000 - 0x00007ffb0a8ff000 	C:\Users\rayan\.gradle\jdks\jdk8u312-b07\jre\bin\verify.dll
0x00007ffb00640000 - 0x00007ffb00669000 	C:\Users\rayan\.gradle\jdks\jdk8u312-b07\jre\bin\java.dll
0x00007ffafe180000 - 0x00007ffafe1aa000 	C:\Users\rayan\.gradle\jdks\jdk8u312-b07\jre\bin\instrument.dll
0x00007ffb06490000 - 0x00007ffb064a6000 	C:\Users\rayan\.gradle\jdks\jdk8u312-b07\jre\bin\zip.dll
0x00007ffb10810000 - 0x00007ffb10f54000 	C:\WINDOWS\System32\SHELL32.dll
0x00007ffb0d820000 - 0x00007ffb0dfb3000 	C:\WINDOWS\SYSTEM32\windows.storage.dll
0x00007ffb11960000 - 0x00007ffb11cb4000 	C:\WINDOWS\System32\combase.dll
0x00007ffb0f090000 - 0x00007ffb0f0be000 	C:\WINDOWS\SYSTEM32\Wldp.dll
0x00007ffb112d0000 - 0x00007ffb1137d000 	C:\WINDOWS\System32\SHCORE.dll
0x00007ffb11270000 - 0x00007ffb112c5000 	C:\WINDOWS\System32\shlwapi.dll
0x00007ffb0f6c0000 - 0x00007ffb0f6df000 	C:\WINDOWS\SYSTEM32\profapi.dll
0x00007ffb01aa0000 - 0x00007ffb01aba000 	C:\Program Files\JetBrains\IntelliJ IDEA Community Edition 2023.1\bin\breakgen64.dll
0x00007ffb00590000 - 0x00007ffb005aa000 	C:\Users\rayan\.gradle\jdks\jdk8u312-b07\jre\bin\net.dll
0x00007ffb0ee00000 - 0x00007ffb0ee6a000 	C:\WINDOWS\system32\mswsock.dll
0x00007ffafe160000 - 0x00007ffafe172000 	C:\Users\rayan\.gradle\jdks\jdk8u312-b07\jre\bin\nio.dll
0x00007ffae65f0000 - 0x00007ffae666a000 	C:\Users\rayan\AppData\Local\Temp\lwjgl_rayan\3.3.2+13\x64\lwjgl.dll
0x00007ffaca110000 - 0x00007ffaca380000 	C:\Users\rayan\AppData\Local\Temp\lwjgl_rayan\3.3.2+13\x64\jemalloc.dll
0x00007ffacc330000 - 0x00007ffacc3b2000 	C:\Users\rayan\AppData\Local\Temp\lwjgl_rayan\3.3.2+13\x64\glfw.dll
0x00007ffaeaad0000 - 0x00007ffaeab15000 	C:\WINDOWS\SYSTEM32\dinput8.dll
0x00007ffafe140000 - 0x00007ffafe151000 	C:\WINDOWS\SYSTEM32\xinput1_4.dll
0x00007ffb0f780000 - 0x00007ffb0f7ce000 	C:\WINDOWS\System32\cfgmgr32.dll
0x00007ffb0f530000 - 0x00007ffb0f55c000 	C:\WINDOWS\SYSTEM32\DEVOBJ.dll
0x00007ffb0d410000 - 0x00007ffb0d43f000 	C:\WINDOWS\SYSTEM32\dwmapi.dll
0x00007ffb06330000 - 0x00007ffb06482000 	C:\WINDOWS\SYSTEM32\inputhost.dll
0x00007ffb10740000 - 0x00007ffb1080d000 	C:\WINDOWS\System32\OLEAUT32.dll
0x00007ffb0b080000 - 0x00007ffb0b1d4000 	C:\WINDOWS\SYSTEM32\wintypes.dll
0x00007ffb0cd40000 - 0x00007ffb0ce32000 	C:\WINDOWS\SYSTEM32\CoreMessaging.dll
0x00007ffb0b6c0000 - 0x00007ffb0b7b6000 	C:\WINDOWS\SYSTEM32\PROPSYS.dll
0x00007ffb0c660000 - 0x00007ffb0c9be000 	C:\WINDOWS\SYSTEM32\CoreUIComponents.dll
0x00007ffb0f910000 - 0x00007ffb0f992000 	C:\WINDOWS\System32\bcryptPrimitives.dll
0x00007ffb0e7d0000 - 0x00007ffb0e803000 	C:\WINDOWS\SYSTEM32\ntmarta.dll
0x00007ffb0d620000 - 0x00007ffb0d632000 	C:\WINDOWS\SYSTEM32\kernel.appcore.dll
0x00007ffb0d150000 - 0x00007ffb0d1ee000 	C:\WINDOWS\system32\uxtheme.dll
0x00007ffb110a0000 - 0x00007ffb111b4000 	C:\WINDOWS\System32\MSCTF.dll
0x00007ffadad00000 - 0x00007ffadae25000 	C:\WINDOWS\SYSTEM32\opengl32.dll
0x00007ffaec4c0000 - 0x00007ffaec4ec000 	C:\WINDOWS\SYSTEM32\GLU32.dll
0x00007ffb105f0000 - 0x00007ffb10699000 	C:\WINDOWS\System32\clbcatq.dll
0x00007ffab5550000 - 0x00007ffab8709000 	C:\WINDOWS\System32\DriverStore\FileRepository\nv_dispig.inf_amd64_ee20464bb4ac57f4\nvoglv64.dll
0x00007ffb10170000 - 0x00007ffb105d8000 	C:\WINDOWS\System32\SETUPAPI.dll
0x00007ffb0fe30000 - 0x00007ffb0fe57000 	C:\WINDOWS\System32\bcrypt.dll
0x00007ffb11f00000 - 0x00007ffb1202a000 	C:\WINDOWS\System32\ole32.dll
0x00007ffb0aa00000 - 0x00007ffb0aa14000 	C:\WINDOWS\SYSTEM32\WTSAPI32.dll
0x00007ffb0ef90000 - 0x00007ffb0ef9c000 	C:\WINDOWS\SYSTEM32\CRYPTBASE.DLL
0x00007ffb0f2f0000 - 0x00007ffb0f302000 	C:\WINDOWS\SYSTEM32\msasn1.dll
0x00007ffb07760000 - 0x00007ffb07791000 	C:\WINDOWS\SYSTEM32\cryptnet.dll
0x00007ffb0fe60000 - 0x00007ffb0ffb6000 	C:\WINDOWS\System32\CRYPT32.dll
0x00007ffb07360000 - 0x00007ffb074a8000 	C:\WINDOWS\SYSTEM32\drvstore.dll
0x00007ffb0ffc0000 - 0x00007ffb10027000 	C:\WINDOWS\System32\WINTRUST.dll
0x00007ffb0b940000 - 0x00007ffb0b97b000 	C:\WINDOWS\SYSTEM32\dxcore.dll
0x00007ffb0f250000 - 0x00007ffb0f29b000 	C:\WINDOWS\SYSTEM32\powrprof.dll
0x00007ffb0f130000 - 0x00007ffb0f142000 	C:\WINDOWS\SYSTEM32\UMPDC.dll
0x00007ffb0efd0000 - 0x00007ffb0f034000 	C:\WINDOWS\SYSTEM32\WINSTA.dll
0x00007ffb01dc0000 - 0x00007ffb01eb9000 	C:\WINDOWS\SYSTEM32\textinputframework.dll
0x00007ffadaca0000 - 0x00007ffadacfe000 	C:\Users\rayan\AppData\Local\Temp\lwjgl_rayan\3.3.2+13\x64\lwjgl_opengl.dll
0x00007ffaca080000 - 0x00007ffaca102000 	C:\Users\rayan\AppData\Local\Temp\lwjgl_rayan\3.3.2+13\x64\lwjgl_stb.dll
0x00007ffb092c0000 - 0x00007ffb094a4000 	C:\WINDOWS\SYSTEM32\dbghelp.dll

VM Arguments:
jvm_args: -ea -javaagent:C:\Program Files\JetBrains\IntelliJ IDEA Community Edition 2023.1\lib\idea_rt.jar=16708:C:\Program Files\JetBrains\IntelliJ IDEA Community Edition 2023.1\bin -Dfile.encoding=UTF-8 
java_command: Main
java_class_path (initial): C:\Users\rayan\.gradle\jdks\jdk8u312-b07\jre\lib\charsets.jar;C:\Users\rayan\.gradle\jdks\jdk8u312-b07\jre\lib\ext\access-bridge-64.jar;C:\Users\rayan\.gradle\jdks\jdk8u312-b07\jre\lib\ext\cldrdata.jar;C:\Users\rayan\.gradle\jdks\jdk8u312-b07\jre\lib\ext\dnsns.jar;C:\Users\rayan\.gradle\jdks\jdk8u312-b07\jre\lib\ext\jaccess.jar;C:\Users\rayan\.gradle\jdks\jdk8u312-b07\jre\lib\ext\localedata.jar;C:\Users\rayan\.gradle\jdks\jdk8u312-b07\jre\lib\ext\nashorn.jar;C:\Users\rayan\.gradle\jdks\jdk8u312-b07\jre\lib\ext\sunec.jar;C:\Users\rayan\.gradle\jdks\jdk8u312-b07\jre\lib\ext\sunjce_provider.jar;C:\Users\rayan\.gradle\jdks\jdk8u312-b07\jre\lib\ext\sunmscapi.jar;C:\Users\rayan\.gradle\jdks\jdk8u312-b07\jre\lib\ext\sunpkcs11.jar;C:\Users\rayan\.gradle\jdks\jdk8u312-b07\jre\lib\ext\zipfs.jar;C:\Users\rayan\.gradle\jdks\jdk8u312-b07\jre\lib\jce.jar;C:\Users\rayan\.gradle\jdks\jdk8u312-b07\jre\lib\jfr.jar;C:\Users\rayan\.gradle\jdks\jdk8u312-b07\jre\lib\jsse.jar;C:\Users\rayan\.gradle\jdks\jdk8u312-b07\jre\lib\management-agent.jar;C:\Users\rayan\.gradle\jdks\jdk8u312-b07\jre\lib\resources.jar;C:\Users\rayan\.gradle\jdks\jdk8u312-b07\jre\lib\rt.jar;C:\OGLGame\target\classes;C:\Users\rayan\.m2\repository\org\joml\joml\1.9.25\joml-1.9.25.jar;C:\Users\rayan\.m2\repository\org\codehaus\mojo\exec-maven-plugin\1.6.0\exec-maven-plugin-1.6.0.jar;C:\Users\rayan\.m2\repository\org\apache\maven\maven-toolchain\2.2.1\maven-toolchain-2.2.1.jar;C:\Users\rayan\.m2\repository\org\apache\maven\maven-project\2.2.1\maven-project-2.2.1.jar;C:\Users\rayan\.m2\repository\org\apache\maven\maven-settings\2.2.1\maven-settings-2.2.1.jar;C:\Users\rayan\.m2\repository\org\apache\maven\maven-profile\2.2.1\maven-profile-2.2.1.jar;C:\Users\rayan\.m2\repository\org\apache\maven\maven-plugin-registry\2.2.1\maven-plugin-registry-2.2.1.jar;C:\Users\rayan\.m2\repository\org\codehaus\plexus\plexus-interpolation\1.11\plexus-interpolation-1.11.jar;C:\Users\rayan\.m2\repository\org\code
Launcher Type: SUN_STANDARD

Environment Variables:
PATH=C:\Program Files\Common Files\Oracle\Java\javapath;C:\Program Files (x86)\NVIDIA Corporation\PhysX\Common;C:\Program Files\PlasticSCM5\server;C:\Program Files\PlasticSCM5\client;C:\Program Files\Amazon Corretto\jdk17.0.4_8\bin;C:\Program Files (x86)\Common Files\Oracle\Java\javapath;C:\Program Files\Java\jre1.8.0_333\bin;C:\WINDOWS\system32;C:\WINDOWS;C:\WINDOWS\System32\Wbem;C:\WINDOWS\System32\WindowsPowerShell\v1.0\;C:\WINDOWS\System32\OpenSSH\;C:\Program Files\Git\cmd;C:\Program Files\dotnet\;c:\page;C:\Program Files (x86)\Gpg4win\..\GnuPG\bin;C:\metasploit-framework\bin\;C:\ProgramData\chocolatey\bin;C:\Program Files\Microsoft SQL Server\150\Tools\Binn\;C:\Program Files\Microsoft SQL Server\Client SDK\ODBC\170\Tools\Binn\;C:\Program Files\Microsoft\Web Platform Installer\;C:\Users\rayan\Downloads\php-8.1.12-Win32-vs16-x64;C:\composer;C:\ProgramData\chocolatey\lib\maven\apache-maven-3.9.1\bin;C:\Program Files\MySQL\MySQL Shell 8.0\bin\;C:\Users\rayan\AppData\Local\Microsoft\WindowsApps;C:\Users\rayan\.dotnet\tools;C:\Program Files\Java\jre1.8.0_333\bin;C:\Program Files (x86)\Nmap;C:\Users\rayan\AppData\Roaming\Composer\vendor\bin;C:\Users\rayan\AppData\Local\GitHubDesktop\bin;C:\Users\rayan\.dotnet\tools
USERNAME=rayan
OS=Windows_NT
PROCESSOR_IDENTIFIER=Intel64 Family 6 Model 165 Stepping 3, GenuineIntel



---------------  S Y S T E M  ---------------

OS: Windows 10.0 , 64 bit Build 19041 (10.0.19041.2788)

CPU:total 12 (initial active 12) (6 cores per cpu, 2 threads per core) family 6 model 165 stepping 3, cmov, cx8, fxsr, mmx, sse, sse2, sse3, ssse3, sse4.1, sse4.2, popcnt, avx, avx2, aes, clmul, erms, 3dnowpref, lzcnt, ht, tsc, tscinvbit, bmi1, bmi2, adx

Memory: 4k page, physical 16690872k(6426520k free), swap 61115132k(43572388k free)

vm_info: OpenJDK 64-Bit Server VM (25.312-b07) for windows-amd64 JRE (1.8.0_312-b07), built on Oct 19 2021 15:47:56 by "jenkins" with MS VC++ 12.0 (VS2013)

time: Mon Apr 24 11:24:20 2023
timezone: Malay Peninsula Standard Time
elapsed time: 0.857953 seconds (0d 0h 0m 0s)

