#
# A fatal error has been detected by the Java Runtime Environment:
#
#  EXCEPTION_ACCESS_VIOLATION (0xc0000005) at pc=0x00007ffa4e0dfbdd, pid=5224, tid=0x0000000000002c60
#
# JRE version: OpenJDK Runtime Environment (8.0_312-b07) (build 1.8.0_312-b07)
# Java VM: OpenJDK 64-Bit Server VM (25.312-b07 mixed mode windows-amd64 compressed oops)
# Problematic frame:
# C  [lwjgl_opengl.dll+0xfbdd]
#
# Failed to write core dump. Minidumps are not enabled by default on client versions of Windows
#
# If you would like to submit a bug report, please visit:
#   https://github.com/adoptium/adoptium-support/issues
# The crash happened outside the Java Virtual Machine in native code.
# See problematic frame for where to report the bug.
#

---------------  T H R E A D  ---------------

Current thread (0x000001bc1145c000):  JavaThread "game" [_thread_in_native, id=11360, stack(0x0000004e65600000,0x0000004e65700000)]

siginfo: ExceptionCode=0xc0000005, reading address 0x00000000000013c8

Registers:
RAX=0x000001bc1159e670, RBX=0x000001bc7f10c148, RCX=0x0000000000000001, RDX=0x000001bc11646eac
RSP=0x0000004e656ff0e8, RBP=0x0000004e656ff168, RSI=0x0000000000000188, RDI=0x000001bc00007bd0
R8 =0x0000000000000001, R9 =0x000001bc11646eac, R10=0x0000000000000000, R11=0x00000000725b1ae0
R12=0x0000000000000000, R13=0x000001bc7f10c148, R14=0x0000004e656ff198, R15=0x000001bc1145c000
RIP=0x00007ffa4e0dfbdd, EFLAGS=0x0000000000010206

Top of Stack: (sp=0x0000004e656ff0e8)
0x0000004e656ff0e8:   000001bc00019c8e 000001bc00007bd0
0x0000004e656ff0f8:   000001bc0001999b 000001bc1145c000
0x0000004e656ff108:   000001bc7f10c148 0000000000000188
0x0000004e656ff118:   000001bc1145c000 000001bc00019942
0x0000004e656ff128:   0000004e656ff128 000001bc7f10c148
0x0000004e656ff138:   0000004e656ff198 000001bc7f1405f8
0x0000004e656ff148:   0000000000000000 000001bc7f10c148
0x0000004e656ff158:   0000000000000000 0000004e656ff188
0x0000004e656ff168:   0000004e656ff1e0 000001bc000080bd
0x0000004e656ff178:   000000076c735d78 000001bc00012ab8
0x0000004e656ff188:   000001bc11646eac 000000076c7460e0
0x0000004e656ff198:   0000000000000001 0000004e656ff1a0
0x0000004e656ff1a8:   000001bc7f10c2bc 0000004e656ff210
0x0000004e656ff1b8:   000001bc7f1405f8 0000000000000000
0x0000004e656ff1c8:   000001bc7f10c328 0000004e656ff188
0x0000004e656ff1d8:   0000004e656ff218 0000004e656ff258 

Instructions: (pc=0x00007ffa4e0dfbdd)
0x00007ffa4e0dfbbd:   49 ff a2 c0 13 00 00 cc cc cc cc cc cc cc cc cc
0x00007ffa4e0dfbcd:   cc cc cc 48 8b 01 49 8b d1 41 8b c8 4c 8b 50 18
0x00007ffa4e0dfbdd:   49 ff a2 c8 13 00 00 cc cc cc cc cc cc cc cc cc
0x00007ffa4e0dfbed:   cc cc cc 48 8b 01 48 8b 48 18 48 8b 81 d0 13 00 


Register to memory mapping:

RAX=0x000001bc1159e670 is an unknown value
RBX={method} {0x000001bc7f10c150} 'nglGenVertexArrays' '(IJ)V' in 'org/lwjgl/opengl/GL30C'
RCX=0x0000000000000001 is an unknown value
RDX=0x000001bc11646eac is an unknown value
RSP=0x0000004e656ff0e8 is pointing into the stack for thread: 0x000001bc1145c000
RBP=0x0000004e656ff168 is pointing into the stack for thread: 0x000001bc1145c000
RSI=0x0000000000000188 is an unknown value
RDI=0x000001bc00007bd0 is at code_begin+1040 in an Interpreter codelet
invoke return entry points  [0x000001bc000077c0, 0x000001bc000081a0]  2528 bytes
R8 =0x0000000000000001 is an unknown value
R9 =0x000001bc11646eac is an unknown value
R10=0x0000000000000000 is an unknown value
R11=0x00000000725b1ae0 is an unknown value
R12=0x0000000000000000 is an unknown value
R13={method} {0x000001bc7f10c150} 'nglGenVertexArrays' '(IJ)V' in 'org/lwjgl/opengl/GL30C'
R14=0x0000004e656ff198 is pointing into the stack for thread: 0x000001bc1145c000
R15=0x000001bc1145c000 is a thread


Stack: [0x0000004e65600000,0x0000004e65700000],  sp=0x0000004e656ff0e8,  free space=1020k
Native frames: (J=compiled Java code, j=interpreted, Vv=VM code, C=native code)
C  [lwjgl_opengl.dll+0xfbdd]

Java frames: (J=compiled Java code, j=interpreted, Vv=VM code)
j  org.lwjgl.opengl.GL30C.nglGenVertexArrays(IJ)V+0
j  org.lwjgl.opengl.GL30C.glGenVertexArrays()I+20
j  org.lwjgl.opengl.GL30.glGenVertexArrays()I+0
j  com.EPICTROLLTOAST.engine.graphics.Mesh.create()V+1
j  com.EPICTROLLTOAST.main.Main.init()V+15
j  com.EPICTROLLTOAST.main.Main.run()V+1
j  java.lang.Thread.run()V+11
v  ~StubRoutines::call_stub

---------------  P R O C E S S  ---------------

Java Threads: ( => current thread )
  0x000001bc73708000 JavaThread "DestroyJavaVM" [_thread_blocked, id=17756, stack(0x0000004e63f00000,0x0000004e64000000)]
=>0x000001bc1145c000 JavaThread "game" [_thread_in_native, id=11360, stack(0x0000004e65600000,0x0000004e65700000)]
  0x000001bc11178000 JavaThread "Service Thread" daemon [_thread_blocked, id=20276, stack(0x0000004e65400000,0x0000004e65500000)]
  0x000001bc110e8000 JavaThread "C1 CompilerThread3" daemon [_thread_blocked, id=19844, stack(0x0000004e65300000,0x0000004e65400000)]
  0x000001bc110e3000 JavaThread "C2 CompilerThread2" daemon [_thread_blocked, id=10364, stack(0x0000004e65200000,0x0000004e65300000)]
  0x000001bc110eb800 JavaThread "C2 CompilerThread1" daemon [_thread_blocked, id=1704, stack(0x0000004e65100000,0x0000004e65200000)]
  0x000001bc110ea800 JavaThread "C2 CompilerThread0" daemon [_thread_in_native, id=3988, stack(0x0000004e65000000,0x0000004e65100000)]
  0x000001bc110dc800 JavaThread "Monitor Ctrl-Break" daemon [_thread_in_native, id=19092, stack(0x0000004e64f00000,0x0000004e65000000)]
  0x000001bc7f73d000 JavaThread "Attach Listener" daemon [_thread_blocked, id=15676, stack(0x0000004e64e00000,0x0000004e64f00000)]
  0x000001bc7f73c000 JavaThread "Signal Dispatcher" daemon [_thread_blocked, id=11396, stack(0x0000004e64d00000,0x0000004e64e00000)]
  0x000001bc7f70d000 JavaThread "Finalizer" daemon [_thread_blocked, id=14812, stack(0x0000004e64c00000,0x0000004e64d00000)]
  0x000001bc7f705800 JavaThread "Reference Handler" daemon [_thread_blocked, id=17880, stack(0x0000004e64b00000,0x0000004e64c00000)]

Other Threads:
  0x000001bc737bb800 VMThread [stack: 0x0000004e64a00000,0x0000004e64b00000] [id=19780]
  0x000001bc11180800 WatcherThread [stack: 0x0000004e65500000,0x0000004e65600000] [id=18704]

VM state:not at safepoint (normal execution)

VM Mutex/Monitor currently owned by a thread: None

heap address: 0x00000006c1400000, size: 4076 MB, Compressed Oops mode: Zero based, Oop shift amount: 3
Narrow klass base: 0x0000000000000000, Narrow klass shift: 3
Compressed class space size: 1073741824 Address: 0x00000007c0000000

Heap:
 PSYoungGen      total 76288K, used 22371K [0x000000076b180000, 0x0000000770680000, 0x00000007c0000000)
  eden space 65536K, 34% used [0x000000076b180000,0x000000076c758cc8,0x000000076f180000)
  from space 10752K, 0% used [0x000000076fc00000,0x000000076fc00000,0x0000000770680000)
  to   space 10752K, 0% used [0x000000076f180000,0x000000076f180000,0x000000076fc00000)
 ParOldGen       total 175104K, used 0K [0x00000006c1400000, 0x00000006cbf00000, 0x000000076b180000)
  object space 175104K, 0% used [0x00000006c1400000,0x00000006c1400000,0x00000006cbf00000)
 Metaspace       used 7545K, capacity 7824K, committed 8064K, reserved 1056768K
  class space    used 718K, capacity 828K, committed 896K, reserved 1048576K

Card table byte_map: [0x000001bc75580000,0x000001bc75d80000] byte_map_base: 0x000001bc71f76000

Marking Bits: (ParMarkBitMap*) 0x0000000072b9c860
 Begin Bits: [0x000001bc762d0000, 0x000001bc7a280000)
 End Bits:   [0x000001bc7a280000, 0x000001bc7e230000)

Polling page: 0x000001bc739c0000

CodeCache: size=245760Kb used=2875Kb max_used=2878Kb free=242884Kb
 bounds [0x000001bc00000000, 0x000001bc002e0000, 0x000001bc0f000000]
 total_blobs=1507 nmethods=574 adapters=846
 compilation: enabled

Compilation events (10 events):
Event: 0.389 Thread 0x000001bc110e8000  571       3       org.lwjgl.system.MemoryUtil::memPutAddress (29 bytes)
Event: 0.389 Thread 0x000001bc110e8000 nmethod 571 0x000001bc002cfa90 code [0x000001bc002cfbe0, 0x000001bc002cfd58]
Event: 0.389 Thread 0x000001bc110e8000  572       1       java.lang.Integer::toUnsignedLong (7 bytes)
Event: 0.389 Thread 0x000001bc110e8000 nmethod 572 0x000001bc002cf7d0 code [0x000001bc002cf920, 0x000001bc002cfa18]
Event: 0.390 Thread 0x000001bc110e8000  573   !   3       java.net.URL::set (114 bytes)
Event: 0.391 Thread 0x000001bc110e8000 nmethod 573 0x000001bc002ce450 code [0x000001bc002ce640, 0x000001bc002cf1a0]
Event: 0.391 Thread 0x000001bc110e8000  574       1       java.util.zip.ZStreamRef::address (5 bytes)
Event: 0.391 Thread 0x000001bc110e8000 nmethod 574 0x000001bc002ce190 code [0x000001bc002ce2e0, 0x000001bc002ce3f8]
Event: 0.393 Thread 0x000001bc110e8000  575       3       java.nio.charset.CharsetDecoder::maxCharsPerByte (5 bytes)
Event: 0.393 Thread 0x000001bc110e8000 nmethod 575 0x000001bc002cde50 code [0x000001bc002cdfa0, 0x000001bc002ce0f8]

GC Heap History (0 events):
No events

Deoptimization events (5 events):
Event: 0.331 Thread 0x000001bc1145c000 Uncommon trap: reason=unstable_if action=reinterpret pc=0x000001bc001ea8fc method=java.lang.String.indexOf([CII[CIII)I @ 3
Event: 0.351 Thread 0x000001bc1145c000 Uncommon trap: reason=bimorphic action=maybe_recompile pc=0x000001bc001ceb14 method=java.util.HashMap.getNode(ILjava/lang/Object;)Ljava/util/HashMap$Node; @ 126
Event: 0.351 Thread 0x000001bc1145c000 Uncommon trap: reason=bimorphic action=maybe_recompile pc=0x000001bc001ceb14 method=java.util.HashMap.getNode(ILjava/lang/Object;)Ljava/util/HashMap$Node; @ 126
Event: 0.356 Thread 0x000001bc1145c000 Uncommon trap: reason=bimorphic action=maybe_recompile pc=0x000001bc001ceb14 method=java.util.HashMap.getNode(ILjava/lang/Object;)Ljava/util/HashMap$Node; @ 126
Event: 0.356 Thread 0x000001bc1145c000 Uncommon trap: reason=bimorphic action=maybe_recompile pc=0x000001bc001ceb14 method=java.util.HashMap.getNode(ILjava/lang/Object;)Ljava/util/HashMap$Node; @ 126

Classes redefined (0 events):
No events

Internal exceptions (10 events):
Event: 0.325 Thread 0x000001bc1145c000 Exception <a 'java/security/PrivilegedActionException'> (0x000000076c3cdcc0) thrown at [E:\jenkins\tmp\workspace\build\src\hotspot\src\share\vm\prims\jvm.cpp, line 1523]
Event: 0.325 Thread 0x000001bc1145c000 Exception <a 'java/security/PrivilegedActionException'> (0x000000076c3cded0) thrown at [E:\jenkins\tmp\workspace\build\src\hotspot\src\share\vm\prims\jvm.cpp, line 1523]
Event: 0.325 Thread 0x000001bc1145c000 Exception <a 'java/security/PrivilegedActionException'> (0x000000076c3cf900) thrown at [E:\jenkins\tmp\workspace\build\src\hotspot\src\share\vm\prims\jvm.cpp, line 1523]
Event: 0.325 Thread 0x000001bc1145c000 Exception <a 'java/security/PrivilegedActionException'> (0x000000076c3cfb10) thrown at [E:\jenkins\tmp\workspace\build\src\hotspot\src\share\vm\prims\jvm.cpp, line 1523]
Event: 0.344 Thread 0x000001bc1145c000 Exception <a 'sun/nio/fs/WindowsException'> (0x000000076c444f30) thrown at [E:\jenkins\tmp\workspace\build\src\hotspot\src\share\vm\prims\jni.cpp, line 711]
Event: 0.344 Thread 0x000001bc1145c000 Exception <a 'sun/nio/fs/WindowsException'> (0x000000076c445668) thrown at [E:\jenkins\tmp\workspace\build\src\hotspot\src\share\vm\prims\jni.cpp, line 711]
Event: 0.351 Thread 0x000001bc1145c000 Exception <a 'sun/nio/fs/WindowsException'> (0x000000076c46f808) thrown at [E:\jenkins\tmp\workspace\build\src\hotspot\src\share\vm\prims\jni.cpp, line 711]
Event: 0.351 Thread 0x000001bc1145c000 Exception <a 'sun/nio/fs/WindowsException'> (0x000000076c46fdf8) thrown at [E:\jenkins\tmp\workspace\build\src\hotspot\src\share\vm\prims\jni.cpp, line 711]
Event: 0.374 Thread 0x000001bc1145c000 Exception <a 'sun/nio/fs/WindowsException'> (0x000000076c5d8730) thrown at [E:\jenkins\tmp\workspace\build\src\hotspot\src\share\vm\prims\jni.cpp, line 711]
Event: 0.374 Thread 0x000001bc1145c000 Exception <a 'sun/nio/fs/WindowsException'> (0x000000076c5d9038) thrown at [E:\jenkins\tmp\workspace\build\src\hotspot\src\share\vm\prims\jni.cpp, line 711]

Events (10 events):
Event: 0.392 loading class org/lwjgl/opengl/GL14C
Event: 0.392 loading class org/lwjgl/opengl/GL14C done
Event: 0.392 loading class org/lwjgl/opengl/GL13C
Event: 0.392 loading class org/lwjgl/opengl/GL13C done
Event: 0.393 loading class org/lwjgl/opengl/GL12C
Event: 0.393 loading class org/lwjgl/opengl/GL12C done
Event: 0.393 loading class org/lwjgl/opengl/GL11C
Event: 0.393 loading class org/lwjgl/opengl/GL11C done
Event: 0.395 loading class org/lwjgl/system/libc/LibCString
Event: 0.395 loading class org/lwjgl/system/libc/LibCString done


Dynamic libraries:
0x00007ff7bfe40000 - 0x00007ff7bfe7a000 	C:\Users\rayan\.gradle\jdks\jdk8u312-b07\bin\java.exe
0x00007ffa712d0000 - 0x00007ffa714c8000 	C:\WINDOWS\SYSTEM32\ntdll.dll
0x00007ffa710a0000 - 0x00007ffa7115f000 	C:\WINDOWS\System32\KERNEL32.DLL
0x00007ffa6ebb0000 - 0x00007ffa6ee8a000 	C:\WINDOWS\System32\KERNELBASE.dll
0x00007ffa6f400000 - 0x00007ffa6f4ae000 	C:\WINDOWS\System32\ADVAPI32.dll
0x00007ffa6f330000 - 0x00007ffa6f3ce000 	C:\WINDOWS\System32\msvcrt.dll
0x00007ffa70c60000 - 0x00007ffa70cfc000 	C:\WINDOWS\System32\sechost.dll
0x00007ffa70db0000 - 0x00007ffa70ed6000 	C:\WINDOWS\System32\RPCRT4.dll
0x00007ffa70900000 - 0x00007ffa70a9d000 	C:\WINDOWS\System32\USER32.dll
0x00007ffa6f000000 - 0x00007ffa6f022000 	C:\WINDOWS\System32\win32u.dll
0x00007ffa6f3d0000 - 0x00007ffa6f3fb000 	C:\WINDOWS\System32\GDI32.dll
0x00007ffa6eaa0000 - 0x00007ffa6ebb0000 	C:\WINDOWS\System32\gdi32full.dll
0x00007ffa6f130000 - 0x00007ffa6f1cd000 	C:\WINDOWS\System32\msvcp_win.dll
0x00007ffa6f030000 - 0x00007ffa6f130000 	C:\WINDOWS\System32\ucrtbase.dll
0x00007ffa62a10000 - 0x00007ffa62caa000 	C:\WINDOWS\WinSxS\amd64_microsoft.windows.common-controls_6595b64144ccf1df_6.0.19041.1110_none_60b5254171f9507e\COMCTL32.dll
0x00007ffa6fb00000 - 0x00007ffa6fb30000 	C:\WINDOWS\System32\IMM32.DLL
0x00007ffa4d120000 - 0x00007ffa4d20f000 	C:\Users\rayan\.gradle\jdks\jdk8u312-b07\jre\bin\msvcr120.dll
0x00007ffa4d070000 - 0x00007ffa4d116000 	C:\Users\rayan\.gradle\jdks\jdk8u312-b07\jre\bin\msvcp120.dll
0x00000000723b0000 - 0x0000000072c1b000 	C:\Users\rayan\.gradle\jdks\jdk8u312-b07\jre\bin\server\jvm.dll
0x00007ffa70aa0000 - 0x00007ffa70aa8000 	C:\WINDOWS\System32\PSAPI.DLL
0x00007ffa68170000 - 0x00007ffa6817a000 	C:\WINDOWS\SYSTEM32\VERSION.dll
0x00007ffa5e4d0000 - 0x00007ffa5e4d9000 	C:\WINDOWS\SYSTEM32\WSOCK32.dll
0x00007ffa573b0000 - 0x00007ffa573d7000 	C:\WINDOWS\SYSTEM32\WINMM.dll
0x00007ffa70ee0000 - 0x00007ffa70f4b000 	C:\WINDOWS\System32\WS2_32.dll
0x00007ffa68a90000 - 0x00007ffa68a9f000 	C:\Users\rayan\.gradle\jdks\jdk8u312-b07\jre\bin\verify.dll
0x00007ffa4dc40000 - 0x00007ffa4dc69000 	C:\Users\rayan\.gradle\jdks\jdk8u312-b07\jre\bin\java.dll
0x00007ffa63e20000 - 0x00007ffa63e4a000 	C:\Users\rayan\.gradle\jdks\jdk8u312-b07\jre\bin\instrument.dll
0x00007ffa4f160000 - 0x00007ffa4f176000 	C:\Users\rayan\.gradle\jdks\jdk8u312-b07\jre\bin\zip.dll
0x00007ffa701b0000 - 0x00007ffa708f4000 	C:\WINDOWS\System32\SHELL32.dll
0x00007ffa6ca80000 - 0x00007ffa6d213000 	C:\WINDOWS\SYSTEM32\windows.storage.dll
0x00007ffa6f630000 - 0x00007ffa6f984000 	C:\WINDOWS\System32\combase.dll
0x00007ffa6e2f0000 - 0x00007ffa6e31e000 	C:\WINDOWS\SYSTEM32\Wldp.dll
0x00007ffa711e0000 - 0x00007ffa7128d000 	C:\WINDOWS\System32\SHCORE.dll
0x00007ffa71160000 - 0x00007ffa711b5000 	C:\WINDOWS\System32\shlwapi.dll
0x00007ffa6e920000 - 0x00007ffa6e93f000 	C:\WINDOWS\SYSTEM32\profapi.dll
0x00007ffa5aa70000 - 0x00007ffa5aa8a000 	C:\Program Files\JetBrains\IntelliJ IDEA Community Edition 2023.1\bin\breakgen64.dll
0x00007ffa56900000 - 0x00007ffa5691a000 	C:\Users\rayan\.gradle\jdks\jdk8u312-b07\jre\bin\net.dll
0x00007ffa6e060000 - 0x00007ffa6e0ca000 	C:\WINDOWS\system32\mswsock.dll
0x00007ffa4d3b0000 - 0x00007ffa4d3c2000 	C:\Users\rayan\.gradle\jdks\jdk8u312-b07\jre\bin\nio.dll
0x00007ffa56570000 - 0x00007ffa565ea000 	C:\Users\rayan\AppData\Local\Temp\lwjgl_rayan\3.3.2+13\x64\lwjgl.dll
0x00007ffa4e0d0000 - 0x00007ffa4e12e000 	C:\Users\rayan\AppData\Local\Temp\lwjgl_rayan\3.3.2+13\x64\lwjgl_opengl.dll
0x00007ffa4d690000 - 0x00007ffa4d7b5000 	C:\WINDOWS\SYSTEM32\opengl32.dll
0x00007ffa5b610000 - 0x00007ffa5b63c000 	C:\WINDOWS\SYSTEM32\GLU32.dll
0x00007ffa4ba40000 - 0x00007ffa4bcb0000 	C:\Users\rayan\AppData\Local\Temp\lwjgl_rayan\3.3.2+13\x64\jemalloc.dll
0x00007ffa68410000 - 0x00007ffa685f4000 	C:\WINDOWS\SYSTEM32\dbghelp.dll
0x00007ffa6ea10000 - 0x00007ffa6ea92000 	C:\WINDOWS\System32\bcryptPrimitives.dll

VM Arguments:
jvm_args: -javaagent:C:\Program Files\JetBrains\IntelliJ IDEA Community Edition 2023.1\lib\idea_rt.jar=6517:C:\Program Files\JetBrains\IntelliJ IDEA Community Edition 2023.1\bin -Dfile.encoding=UTF-8 
java_command: com.EPICTROLLTOAST.maven.utils.BuildInfo
java_class_path (initial): C:\Users\rayan\.gradle\jdks\jdk8u312-b07\jre\lib\charsets.jar;C:\Users\rayan\.gradle\jdks\jdk8u312-b07\jre\lib\ext\access-bridge-64.jar;C:\Users\rayan\.gradle\jdks\jdk8u312-b07\jre\lib\ext\cldrdata.jar;C:\Users\rayan\.gradle\jdks\jdk8u312-b07\jre\lib\ext\dnsns.jar;C:\Users\rayan\.gradle\jdks\jdk8u312-b07\jre\lib\ext\jaccess.jar;C:\Users\rayan\.gradle\jdks\jdk8u312-b07\jre\lib\ext\localedata.jar;C:\Users\rayan\.gradle\jdks\jdk8u312-b07\jre\lib\ext\nashorn.jar;C:\Users\rayan\.gradle\jdks\jdk8u312-b07\jre\lib\ext\sunec.jar;C:\Users\rayan\.gradle\jdks\jdk8u312-b07\jre\lib\ext\sunjce_provider.jar;C:\Users\rayan\.gradle\jdks\jdk8u312-b07\jre\lib\ext\sunmscapi.jar;C:\Users\rayan\.gradle\jdks\jdk8u312-b07\jre\lib\ext\sunpkcs11.jar;C:\Users\rayan\.gradle\jdks\jdk8u312-b07\jre\lib\ext\zipfs.jar;C:\Users\rayan\.gradle\jdks\jdk8u312-b07\jre\lib\jce.jar;C:\Users\rayan\.gradle\jdks\jdk8u312-b07\jre\lib\jfr.jar;C:\Users\rayan\.gradle\jdks\jdk8u312-b07\jre\lib\jsse.jar;C:\Users\rayan\.gradle\jdks\jdk8u312-b07\jre\lib\management-agent.jar;C:\Users\rayan\.gradle\jdks\jdk8u312-b07\jre\lib\resources.jar;C:\Users\rayan\.gradle\jdks\jdk8u312-b07\jre\lib\rt.jar;C:\OGLGame\target\classes;C:\Users\rayan\.m2\repository\org\codehaus\mojo\exec-maven-plugin\1.6.0\exec-maven-plugin-1.6.0.jar;C:\Users\rayan\.m2\repository\org\apache\maven\maven-toolchain\2.2.1\maven-toolchain-2.2.1.jar;C:\Users\rayan\.m2\repository\org\apache\maven\maven-project\2.2.1\maven-project-2.2.1.jar;C:\Users\rayan\.m2\repository\org\apache\maven\maven-settings\2.2.1\maven-settings-2.2.1.jar;C:\Users\rayan\.m2\repository\org\apache\maven\maven-profile\2.2.1\maven-profile-2.2.1.jar;C:\Users\rayan\.m2\repository\org\apache\maven\maven-plugin-registry\2.2.1\maven-plugin-registry-2.2.1.jar;C:\Users\rayan\.m2\repository\org\codehaus\plexus\plexus-interpolation\1.11\plexus-interpolation-1.11.jar;C:\Users\rayan\.m2\repository\org\codehaus\plexus\plexus-container-default\1.0-alpha-9-stable-1\plexus-co
Launcher Type: SUN_STANDARD

Environment Variables:
PATH=C:\Program Files\Common Files\Oracle\Java\javapath;C:\Program Files (x86)\NVIDIA Corporation\PhysX\Common;C:\Program Files\PlasticSCM5\server;C:\Program Files\PlasticSCM5\client;C:\Program Files\Amazon Corretto\jdk17.0.4_8\bin;C:\Program Files (x86)\Common Files\Oracle\Java\javapath;C:\Program Files\Java\jre1.8.0_333\bin;C:\WINDOWS\system32;C:\WINDOWS;C:\WINDOWS\System32\Wbem;C:\WINDOWS\System32\WindowsPowerShell\v1.0\;C:\WINDOWS\System32\OpenSSH\;C:\Program Files\Git\cmd;C:\Program Files\dotnet\;c:\page;C:\Program Files (x86)\Gpg4win\..\GnuPG\bin;C:\metasploit-framework\bin\;C:\ProgramData\chocolatey\bin;C:\Program Files\Microsoft SQL Server\150\Tools\Binn\;C:\Program Files\Microsoft SQL Server\Client SDK\ODBC\170\Tools\Binn\;C:\Program Files\Microsoft\Web Platform Installer\;C:\Users\rayan\Downloads\php-8.1.12-Win32-vs16-x64;C:\composer;C:\ProgramData\chocolatey\lib\maven\apache-maven-3.9.1\bin;C:\Program Files\MySQL\MySQL Shell 8.0\bin\;C:\Users\rayan\AppData\Local\Microsoft\WindowsApps;C:\Users\rayan\.dotnet\tools;C:\Program Files (x86)\Nmap;C:\Users\rayan\AppData\Roaming\Composer\vendor\bin;C:\Users\rayan\AppData\Local\GitHubDesktop\bin;C:\Users\rayan\.dotnet\tools
USERNAME=rayan
OS=Windows_NT
PROCESSOR_IDENTIFIER=Intel64 Family 6 Model 165 Stepping 3, GenuineIntel



---------------  S Y S T E M  ---------------

OS: Windows 10.0 , 64 bit Build 19041 (10.0.19041.2788)

CPU:total 12 (initial active 12) (6 cores per cpu, 2 threads per core) family 6 model 165 stepping 3, cmov, cx8, fxsr, mmx, sse, sse2, sse3, ssse3, sse4.1, sse4.2, popcnt, avx, avx2, aes, clmul, erms, 3dnowpref, lzcnt, ht, tsc, tscinvbit, bmi1, bmi2, adx

Memory: 4k page, physical 16690872k(6582328k free), swap 50245304k(33208464k free)

vm_info: OpenJDK 64-Bit Server VM (25.312-b07) for windows-amd64 JRE (1.8.0_312-b07), built on Oct 19 2021 15:47:56 by "jenkins" with MS VC++ 12.0 (VS2013)

time: Sun Apr 16 14:05:30 2023
timezone: Malay Peninsula Standard Time
elapsed time: 0.404669 seconds (0d 0h 0m 0s)

