#
# A fatal error has been detected by the Java Runtime Environment:
#
#  EXCEPTION_ACCESS_VIOLATION (0xc0000005) at pc=0x00007ffab67e2b5e, pid=24580, tid=0x0000000000005cac
#
# JRE version: OpenJDK Runtime Environment (8.0_312-b07) (build 1.8.0_312-b07)
# Java VM: OpenJDK 64-Bit Server VM (25.312-b07 mixed mode windows-amd64 compressed oops)
# Problematic frame:
# C  [nvoglv64.dll+0x1292b5e]
#
# Failed to write core dump. Minidumps are not enabled by default on client versions of Windows
#
# If you would like to submit a bug report, please visit:
#   https://github.com/adoptium/adoptium-support/issues
# The crash happened outside the Java Virtual Machine in native code.
# See problematic frame for where to report the bug.
#

---------------  T H R E A D  ---------------

Current thread (0x000002aa707eb000):  JavaThread "main" [_thread_in_native, id=23724, stack(0x000000e071900000,0x000000e071a00000)]

siginfo: ExceptionCode=0xc0000005, reading address 0x000002aa19939000

Registers:
RAX=0x000002aa0f7bdeb0, RBX=0x000002aa0f7bdeb0, RCX=0x00000000000086c8, RDX=0x000000000a152410
RSP=0x000000e0719ff0b8, RBP=0x000002aa199102c0, RSI=0x000002aa19939000, RDI=0x000002aa0f7e6bf0
R8 =0x0000000000031408, R9 =0x0000000000000008, R10=0x000002aa199102c0, R11=0x000002aa0f7bdeb0
R12=0x0000000000001401, R13=0x0000000000001908, R14=0x000000000000014e, R15=0x0000000000000de1
RIP=0x00007ffab67e2b5e, EFLAGS=0x0000000000010202

Top of Stack: (sp=0x000000e0719ff0b8)
0x000000e0719ff0b8:   0000000000031408 000002aa107e8080
0x000000e0719ff0c8:   00007ffab5eb598f 0000000000000000
0x000000e0719ff0d8:   0000000000000000 000002aa707d8748
0x000000e0719ff0e8:   0000000000000000 0000000000000000
0x000000e0719ff0f8:   0000000000001908 0000000000001401
0x000000e0719ff108:   000002aa199102c0 0000000000031408
0x000000e0719ff118:   000000e0719ff338 000002aa707eb000
0x000000e0719ff128:   000000e0719ff338 000002aa7c24f988
0x000000e0719ff138:   0000000000000000 0000000000001908
0x000000e0719ff148:   0000000000000000 0000000000000de1
0x000000e0719ff158:   00007ffadad2605a 000000000000014e
0x000000e0719ff168:   0000000000000000 000002aa00001908
0x000000e0719ff178:   000002aa707d17b0 000002aa00000097
0x000000e0719ff188:   000002aa00000000 000002aa00001908
0x000000e0719ff198:   0000000000001401 000002aa199102c0
0x000000e0719ff1a8:   000002aa707de9a0 000002aa00007b00 

Instructions: (pc=0x00007ffab67e2b5e)
0x00007ffab67e2b3e:   cc cc cc cc cc cc cc cc 66 66 0f 1f 84 00 00 00
0x00007ffab67e2b4e:   00 00 57 56 49 8b c3 48 8b f9 49 8b c8 49 8b f2
0x00007ffab67e2b5e:   f3 a4 5e 5f c3 cc cc cc cc cc cc 0f 1f 80 00 00
0x00007ffab67e2b6e:   00 00 4c 8b d9 4c 8b d2 49 83 f8 10 76 54 49 83 


Register to memory mapping:

RAX=0x000002aa0f7bdeb0 is an unknown value
RBX=0x000002aa0f7bdeb0 is an unknown value
RCX=0x00000000000086c8 is an unknown value
RDX=0x000000000a152410 is an unknown value
RSP=0x000000e0719ff0b8 is pointing into the stack for thread: 0x000002aa707eb000
RBP=0x000002aa199102c0 is an unknown value
RSI=0x000002aa19939000 is an unknown value
RDI=0x000002aa0f7e6bf0 is an unknown value
R8 =0x0000000000031408 is an unknown value
R9 =0x0000000000000008 is an unknown value
R10=0x000002aa199102c0 is an unknown value
R11=0x000002aa0f7bdeb0 is an unknown value
R12=0x0000000000001401 is an unknown value
R13=0x0000000000001908 is an unknown value
R14=0x000000000000014e is an unknown value
R15=0x0000000000000de1 is an unknown value


Stack: [0x000000e071900000,0x000000e071a00000],  sp=0x000000e0719ff0b8,  free space=1020k
Native frames: (J=compiled Java code, j=interpreted, Vv=VM code, C=native code)
C  [nvoglv64.dll+0x1292b5e]
C  [nvoglv64.dll+0x96598f]
C  [opengl32.dll+0x2605a]
C  [lwjgl_opengl.dll+0xcc45]
C  0x000002aa00019c8e

Java frames: (J=compiled Java code, j=interpreted, Vv=VM code)
j  org.lwjgl.opengl.GL11C.nglTexImage2D(IIIIIIIIJ)V+0
j  org.lwjgl.opengl.GL11C.glTexImage2D(IIIIIIIILjava/nio/ByteBuffer;)V+17
j  org.lwjgl.opengl.GL11.glTexImage2D(IIIIIIIILjava/nio/ByteBuffer;)V+14
j  Dyke.renderer.Texture.<init>(Ljava/lang/String;)V+132
j  Dyke.Game.Scene.LevelScene.init()V+32
j  Dyke.Window.changeScene(I)V+37
j  Dyke.Window.init()V+162
j  Dyke.Window.run()V+33
j  Main.main([Ljava/lang/String;)V+5
v  ~StubRoutines::call_stub

---------------  P R O C E S S  ---------------

Java Threads: ( => current thread )
  0x000002aa7f163000 JavaThread "Service Thread" daemon [_thread_blocked, id=7388, stack(0x000000e072e00000,0x000000e072f00000)]
  0x000002aa7f162000 JavaThread "C1 CompilerThread3" daemon [_thread_blocked, id=24124, stack(0x000000e072d00000,0x000000e072e00000)]
  0x000002aa7f161800 JavaThread "C2 CompilerThread2" daemon [_thread_blocked, id=15840, stack(0x000000e072c00000,0x000000e072d00000)]
  0x000002aa7f15e800 JavaThread "C2 CompilerThread1" daemon [_thread_blocked, id=16724, stack(0x000000e072b00000,0x000000e072c00000)]
  0x000002aa7f166000 JavaThread "C2 CompilerThread0" daemon [_thread_blocked, id=26276, stack(0x000000e072a00000,0x000000e072b00000)]
  0x000002aa7f152000 JavaThread "Monitor Ctrl-Break" daemon [_thread_in_native, id=20980, stack(0x000000e072900000,0x000000e072a00000)]
  0x000002aa7c7cf000 JavaThread "Attach Listener" daemon [_thread_blocked, id=7440, stack(0x000000e072800000,0x000000e072900000)]
  0x000002aa7c7ce000 JavaThread "Signal Dispatcher" daemon [_thread_blocked, id=6572, stack(0x000000e072700000,0x000000e072800000)]
  0x000002aa7088c000 JavaThread "Finalizer" daemon [_thread_blocked, id=21644, stack(0x000000e072600000,0x000000e072700000)]
  0x000002aa7c797800 JavaThread "Reference Handler" daemon [_thread_blocked, id=13784, stack(0x000000e072500000,0x000000e072600000)]
=>0x000002aa707eb000 JavaThread "main" [_thread_in_native, id=23724, stack(0x000000e071900000,0x000000e071a00000)]

Other Threads:
  0x000002aa7c771800 VMThread [stack: 0x000000e072400000,0x000000e072500000] [id=15784]
  0x000002aa7f210800 WatcherThread [stack: 0x000000e072f00000,0x000000e073000000] [id=18448]

VM state:not at safepoint (normal execution)

VM Mutex/Monitor currently owned by a thread: None

heap address: 0x00000006c1400000, size: 4076 MB, Compressed Oops mode: Zero based, Oop shift amount: 3
Narrow klass base: 0x0000000000000000, Narrow klass shift: 3
Compressed class space size: 1073741824 Address: 0x00000007c0000000

Heap:
 PSYoungGen      total 76288K, used 24991K [0x000000076b180000, 0x0000000770680000, 0x00000007c0000000)
  eden space 65536K, 38% used [0x000000076b180000,0x000000076c9e7f58,0x000000076f180000)
  from space 10752K, 0% used [0x000000076fc00000,0x000000076fc00000,0x0000000770680000)
  to   space 10752K, 0% used [0x000000076f180000,0x000000076f180000,0x000000076fc00000)
 ParOldGen       total 175104K, used 0K [0x00000006c1400000, 0x00000006cbf00000, 0x000000076b180000)
  object space 175104K, 0% used [0x00000006c1400000,0x00000006c1400000,0x00000006cbf00000)
 Metaspace       used 8569K, capacity 8846K, committed 9216K, reserved 1056768K
  class space    used 778K, capacity 900K, committed 1024K, reserved 1048576K

Card table byte_map: [0x000002aa72600000,0x000002aa72e00000] byte_map_base: 0x000002aa6eff6000

Marking Bits: (ParMarkBitMap*) 0x000000005e4bc860
 Begin Bits: [0x000002aa73350000, 0x000002aa77300000)
 End Bits:   [0x000002aa77300000, 0x000002aa7b2b0000)

Polling page: 0x000002aa72210000

CodeCache: size=245760Kb used=3284Kb max_used=3284Kb free=242475Kb
 bounds [0x000002aa00000000, 0x000002aa00340000, 0x000002aa0f000000]
 total_blobs=1700 nmethods=716 adapters=897
 compilation: enabled

Compilation events (10 events):
Event: 1.190 Thread 0x000002aa7f162000  712       3       sun.nio.fs.WindowsPathParser::nextNonSlash (24 bytes)
Event: 1.190 Thread 0x000002aa7f162000 nmethod 712 0x000002aa00332fd0 code [0x000002aa00333160, 0x000002aa00333670]
Event: 1.190 Thread 0x000002aa7f162000  714       3       java.nio.channels.spi.AbstractInterruptibleChannel::end (50 bytes)
Event: 1.190 Thread 0x000002aa7f162000 nmethod 714 0x000002aa00333890 code [0x000002aa00333a60, 0x000002aa003341e0]
Event: 1.190 Thread 0x000002aa7f162000  713       3       java.lang.Character::digit (10 bytes)
Event: 1.190 Thread 0x000002aa7f162000 nmethod 713 0x000002aa00334550 code [0x000002aa003346c0, 0x000002aa00334900]
Event: 1.191 Thread 0x000002aa7f162000  715       3       sun.security.provider.DigestBase::engineUpdate (189 bytes)
Event: 1.192 Thread 0x000002aa7f162000 nmethod 715 0x000002aa003349d0 code [0x000002aa00334c00, 0x000002aa003359f0]
Event: 1.192 Thread 0x000002aa7f162000  716       3       java.security.MessageDigest::update (45 bytes)
Event: 1.192 Thread 0x000002aa7f162000 nmethod 716 0x000002aa00335ed0 code [0x000002aa00336060, 0x000002aa00336470]

GC Heap History (0 events):
No events

Deoptimization events (5 events):
Event: 0.359 Thread 0x000002aa707eb000 Uncommon trap: reason=unstable_if action=reinterpret pc=0x000002aa001cdffc method=java.lang.String.indexOf([CII[CIII)I @ 3
Event: 0.373 Thread 0x000002aa707eb000 Uncommon trap: reason=bimorphic action=maybe_recompile pc=0x000002aa00202d50 method=java.util.HashMap.getNode(ILjava/lang/Object;)Ljava/util/HashMap$Node; @ 126
Event: 0.373 Thread 0x000002aa707eb000 Uncommon trap: reason=bimorphic action=maybe_recompile pc=0x000002aa00202d50 method=java.util.HashMap.getNode(ILjava/lang/Object;)Ljava/util/HashMap$Node; @ 126
Event: 0.381 Thread 0x000002aa707eb000 Uncommon trap: reason=bimorphic action=maybe_recompile pc=0x000002aa00202d50 method=java.util.HashMap.getNode(ILjava/lang/Object;)Ljava/util/HashMap$Node; @ 126
Event: 0.381 Thread 0x000002aa707eb000 Uncommon trap: reason=bimorphic action=maybe_recompile pc=0x000002aa00202d50 method=java.util.HashMap.getNode(ILjava/lang/Object;)Ljava/util/HashMap$Node; @ 126

Classes redefined (0 events):
No events

Internal exceptions (10 events):
Event: 0.717 Thread 0x000002aa707eb000 Exception <a 'sun/nio/fs/WindowsException'> (0x000000076c355a20) thrown at [E:\jenkins\tmp\workspace\build\src\hotspot\src\share\vm\prims\jni.cpp, line 711]
Event: 0.717 Thread 0x000002aa707eb000 Exception <a 'sun/nio/fs/WindowsException'> (0x000000076c356158) thrown at [E:\jenkins\tmp\workspace\build\src\hotspot\src\share\vm\prims\jni.cpp, line 711]
Event: 0.723 Thread 0x000002aa707eb000 Exception <a 'sun/nio/fs/WindowsException'> (0x000000076c380448) thrown at [E:\jenkins\tmp\workspace\build\src\hotspot\src\share\vm\prims\jni.cpp, line 711]
Event: 0.723 Thread 0x000002aa707eb000 Exception <a 'sun/nio/fs/WindowsException'> (0x000000076c380a38) thrown at [E:\jenkins\tmp\workspace\build\src\hotspot\src\share\vm\prims\jni.cpp, line 711]
Event: 1.011 Thread 0x000002aa707eb000 Exception <a 'sun/nio/fs/WindowsException'> (0x000000076c91ade8) thrown at [E:\jenkins\tmp\workspace\build\src\hotspot\src\share\vm\prims\jni.cpp, line 711]
Event: 1.011 Thread 0x000002aa707eb000 Exception <a 'sun/nio/fs/WindowsException'> (0x000000076c91b3e0) thrown at [E:\jenkins\tmp\workspace\build\src\hotspot\src\share\vm\prims\jni.cpp, line 711]
Event: 1.011 Thread 0x000002aa707eb000 Exception <a 'sun/nio/fs/WindowsException'> (0x000000076c91c168) thrown at [E:\jenkins\tmp\workspace\build\src\hotspot\src\share\vm\prims\jni.cpp, line 711]
Event: 1.022 Thread 0x000002aa707eb000 Exception <a 'sun/nio/fs/WindowsException'> (0x000000076c9242f8) thrown at [E:\jenkins\tmp\workspace\build\src\hotspot\src\share\vm\prims\jni.cpp, line 711]
Event: 1.173 Thread 0x000002aa707eb000 Exception <a 'sun/nio/fs/WindowsException'> (0x000000076c927410) thrown at [E:\jenkins\tmp\workspace\build\src\hotspot\src\share\vm\prims\jni.cpp, line 711]
Event: 1.173 Thread 0x000002aa707eb000 Exception <a 'sun/nio/fs/WindowsException'> (0x000000076c927b08) thrown at [E:\jenkins\tmp\workspace\build\src\hotspot\src\share\vm\prims\jni.cpp, line 711]

Events (10 events):
Event: 1.011 loading class java/nio/file/attribute/BasicFileAttributeView
Event: 1.011 loading class java/nio/file/attribute/BasicFileAttributeView done
Event: 1.011 loading class sun/nio/fs/WindowsFileAttributeViews
Event: 1.011 loading class sun/nio/fs/WindowsFileAttributeViews done
Event: 1.011 loading class sun/nio/fs/WindowsFileAttributeViews$Basic
Event: 1.021 loading class sun/nio/fs/AbstractBasicFileAttributeView
Event: 1.021 loading class sun/nio/fs/AbstractBasicFileAttributeView done
Event: 1.021 loading class sun/nio/fs/WindowsFileAttributeViews$Basic done
Event: 1.022 loading class java/nio/file/StandardCopyOption
Event: 1.022 loading class java/nio/file/StandardCopyOption done


Dynamic libraries:
0x00007ff73adc0000 - 0x00007ff73adfa000 	C:\Users\rayan\.gradle\jdks\jdk8u312-b07\bin\java.exe
0x00007ffb12070000 - 0x00007ffb12268000 	C:\WINDOWS\SYSTEM32\ntdll.dll
0x00007ffb11690000 - 0x00007ffb1174f000 	C:\WINDOWS\System32\KERNEL32.DLL
0x00007ffb0fa50000 - 0x00007ffb0fd2a000 	C:\WINDOWS\System32\KERNELBASE.dll
0x00007ffb111c0000 - 0x00007ffb1126e000 	C:\WINDOWS\System32\ADVAPI32.dll
0x00007ffb100d0000 - 0x00007ffb1016e000 	C:\WINDOWS\System32\msvcrt.dll
0x00007ffb106a0000 - 0x00007ffb1073c000 	C:\WINDOWS\System32\sechost.dll
0x00007ffb114e0000 - 0x00007ffb11606000 	C:\WINDOWS\System32\RPCRT4.dll
0x00007ffb11cf0000 - 0x00007ffb11e8d000 	C:\WINDOWS\System32\USER32.dll
0x00007ffb0f8e0000 - 0x00007ffb0f902000 	C:\WINDOWS\System32\win32u.dll
0x00007ffb10f60000 - 0x00007ffb10f8b000 	C:\WINDOWS\System32\GDI32.dll
0x00007ffb0f7d0000 - 0x00007ffb0f8e0000 	C:\WINDOWS\System32\gdi32full.dll
0x00007ffb10030000 - 0x00007ffb100cd000 	C:\WINDOWS\System32\msvcp_win.dll
0x00007ffb0fd30000 - 0x00007ffb0fe30000 	C:\WINDOWS\System32\ucrtbase.dll
0x00007ffafd5a0000 - 0x00007ffafd83a000 	C:\WINDOWS\WinSxS\amd64_microsoft.windows.common-controls_6595b64144ccf1df_6.0.19041.1110_none_60b5254171f9507e\COMCTL32.dll
0x00007ffb11cc0000 - 0x00007ffb11cf0000 	C:\WINDOWS\System32\IMM32.DLL
0x00007ffaca220000 - 0x00007ffaca30f000 	C:\Users\rayan\.gradle\jdks\jdk8u312-b07\jre\bin\msvcr120.dll
0x00007ffaca170000 - 0x00007ffaca216000 	C:\Users\rayan\.gradle\jdks\jdk8u312-b07\jre\bin\msvcp120.dll
0x000000005dcd0000 - 0x000000005e53b000 	C:\Users\rayan\.gradle\jdks\jdk8u312-b07\jre\bin\server\jvm.dll
0x00007ffb105e0000 - 0x00007ffb105e8000 	C:\WINDOWS\System32\PSAPI.DLL
0x00007ffaf7a60000 - 0x00007ffaf7a69000 	C:\WINDOWS\SYSTEM32\WSOCK32.dll
0x00007ffb06cc0000 - 0x00007ffb06ce7000 	C:\WINDOWS\SYSTEM32\WINMM.dll
0x00007ffb08010000 - 0x00007ffb0801a000 	C:\WINDOWS\SYSTEM32\VERSION.dll
0x00007ffb11e90000 - 0x00007ffb11efb000 	C:\WINDOWS\System32\WS2_32.dll
0x00007ffb0a8f0000 - 0x00007ffb0a8ff000 	C:\Users\rayan\.gradle\jdks\jdk8u312-b07\jre\bin\verify.dll
0x00007ffae2f30000 - 0x00007ffae2f59000 	C:\Users\rayan\.gradle\jdks\jdk8u312-b07\jre\bin\java.dll
0x00007ffae2f00000 - 0x00007ffae2f2a000 	C:\Users\rayan\.gradle\jdks\jdk8u312-b07\jre\bin\instrument.dll
0x00007ffb00590000 - 0x00007ffb005a6000 	C:\Users\rayan\.gradle\jdks\jdk8u312-b07\jre\bin\zip.dll
0x00007ffb10810000 - 0x00007ffb10f54000 	C:\WINDOWS\System32\SHELL32.dll
0x00007ffb0d820000 - 0x00007ffb0dfb3000 	C:\WINDOWS\SYSTEM32\windows.storage.dll
0x00007ffb11960000 - 0x00007ffb11cb4000 	C:\WINDOWS\System32\combase.dll
0x00007ffb0f090000 - 0x00007ffb0f0be000 	C:\WINDOWS\SYSTEM32\Wldp.dll
0x00007ffb112d0000 - 0x00007ffb1137d000 	C:\WINDOWS\System32\SHCORE.dll
0x00007ffb11270000 - 0x00007ffb112c5000 	C:\WINDOWS\System32\shlwapi.dll
0x00007ffb0f6c0000 - 0x00007ffb0f6df000 	C:\WINDOWS\SYSTEM32\profapi.dll
0x00007ffae2ee0000 - 0x00007ffae2efa000 	C:\Program Files\JetBrains\IntelliJ IDEA Community Edition 2023.1\bin\breakgen64.dll
0x00007ffae2ec0000 - 0x00007ffae2eda000 	C:\Users\rayan\.gradle\jdks\jdk8u312-b07\jre\bin\net.dll
0x00007ffb0ee00000 - 0x00007ffb0ee6a000 	C:\WINDOWS\system32\mswsock.dll
0x00007ffadb5b0000 - 0x00007ffadb5c2000 	C:\Users\rayan\.gradle\jdks\jdk8u312-b07\jre\bin\nio.dll
0x00007ffada3c0000 - 0x00007ffada43a000 	C:\Users\rayan\AppData\Local\Temp\lwjgl_rayan\3.3.2+13\x64\lwjgl.dll
0x00007ffac9f00000 - 0x00007ffaca170000 	C:\Users\rayan\AppData\Local\Temp\lwjgl_rayan\3.3.2+13\x64\jemalloc.dll
0x00007ffacc330000 - 0x00007ffacc3b2000 	C:\Users\rayan\AppData\Local\Temp\lwjgl_rayan\3.3.2+13\x64\glfw.dll
0x00007ffadacb0000 - 0x00007ffadacf5000 	C:\WINDOWS\SYSTEM32\dinput8.dll
0x00007ffadaea0000 - 0x00007ffadaeb1000 	C:\WINDOWS\SYSTEM32\xinput1_4.dll
0x00007ffb0f780000 - 0x00007ffb0f7ce000 	C:\WINDOWS\System32\cfgmgr32.dll
0x00007ffb0f530000 - 0x00007ffb0f55c000 	C:\WINDOWS\SYSTEM32\DEVOBJ.dll
0x00007ffb0d410000 - 0x00007ffb0d43f000 	C:\WINDOWS\SYSTEM32\dwmapi.dll
0x00007ffb06330000 - 0x00007ffb06482000 	C:\WINDOWS\SYSTEM32\inputhost.dll
0x00007ffb10740000 - 0x00007ffb1080d000 	C:\WINDOWS\System32\OLEAUT32.dll
0x00007ffb0b080000 - 0x00007ffb0b1d4000 	C:\WINDOWS\SYSTEM32\wintypes.dll
0x00007ffb0b6c0000 - 0x00007ffb0b7b6000 	C:\WINDOWS\SYSTEM32\PROPSYS.dll
0x00007ffb0cd40000 - 0x00007ffb0ce32000 	C:\WINDOWS\SYSTEM32\CoreMessaging.dll
0x00007ffb0f910000 - 0x00007ffb0f992000 	C:\WINDOWS\System32\bcryptPrimitives.dll
0x00007ffb0c660000 - 0x00007ffb0c9be000 	C:\WINDOWS\SYSTEM32\CoreUIComponents.dll
0x00007ffb0e7d0000 - 0x00007ffb0e803000 	C:\WINDOWS\SYSTEM32\ntmarta.dll
0x00007ffb0d620000 - 0x00007ffb0d632000 	C:\WINDOWS\SYSTEM32\kernel.appcore.dll
0x00007ffb0d150000 - 0x00007ffb0d1ee000 	C:\WINDOWS\system32\uxtheme.dll
0x00007ffb110a0000 - 0x00007ffb111b4000 	C:\WINDOWS\System32\MSCTF.dll
0x00007ffadad00000 - 0x00007ffadae25000 	C:\WINDOWS\SYSTEM32\opengl32.dll
0x00007ffaec4c0000 - 0x00007ffaec4ec000 	C:\WINDOWS\SYSTEM32\GLU32.dll
0x00007ffb105f0000 - 0x00007ffb10699000 	C:\WINDOWS\System32\clbcatq.dll
0x00007ffab5550000 - 0x00007ffab8709000 	C:\WINDOWS\System32\DriverStore\FileRepository\nv_dispig.inf_amd64_ee20464bb4ac57f4\nvoglv64.dll
0x00007ffb10170000 - 0x00007ffb105d8000 	C:\WINDOWS\System32\SETUPAPI.dll
0x00007ffb0fe30000 - 0x00007ffb0fe57000 	C:\WINDOWS\System32\bcrypt.dll
0x00007ffb11f00000 - 0x00007ffb1202a000 	C:\WINDOWS\System32\ole32.dll
0x00007ffb0aa00000 - 0x00007ffb0aa14000 	C:\WINDOWS\SYSTEM32\WTSAPI32.dll
0x00007ffb0ef90000 - 0x00007ffb0ef9c000 	C:\WINDOWS\SYSTEM32\CRYPTBASE.DLL
0x00007ffb0f2f0000 - 0x00007ffb0f302000 	C:\WINDOWS\SYSTEM32\msasn1.dll
0x00007ffb07760000 - 0x00007ffb07791000 	C:\WINDOWS\SYSTEM32\cryptnet.dll
0x00007ffb0fe60000 - 0x00007ffb0ffb6000 	C:\WINDOWS\System32\CRYPT32.dll
0x00007ffb07360000 - 0x00007ffb074a8000 	C:\WINDOWS\SYSTEM32\drvstore.dll
0x00007ffb0ffc0000 - 0x00007ffb10027000 	C:\WINDOWS\System32\WINTRUST.dll
0x00007ffb0b940000 - 0x00007ffb0b97b000 	C:\WINDOWS\SYSTEM32\dxcore.dll
0x00007ffb0f250000 - 0x00007ffb0f29b000 	C:\WINDOWS\SYSTEM32\powrprof.dll
0x00007ffb0f130000 - 0x00007ffb0f142000 	C:\WINDOWS\SYSTEM32\UMPDC.dll
0x00007ffb0efd0000 - 0x00007ffb0f034000 	C:\WINDOWS\SYSTEM32\WINSTA.dll
0x00007ffb01dc0000 - 0x00007ffb01eb9000 	C:\WINDOWS\SYSTEM32\textinputframework.dll
0x00007ffad84e0000 - 0x00007ffad853e000 	C:\Users\rayan\AppData\Local\Temp\lwjgl_rayan\3.3.2+13\x64\lwjgl_opengl.dll
0x00007ffac9e70000 - 0x00007ffac9ef2000 	C:\Users\rayan\AppData\Local\Temp\lwjgl_rayan\3.3.2+13\x64\lwjgl_stb.dll
0x00007ffb092c0000 - 0x00007ffb094a4000 	C:\WINDOWS\SYSTEM32\dbghelp.dll

VM Arguments:
jvm_args: -ea -javaagent:C:\Program Files\JetBrains\IntelliJ IDEA Community Edition 2023.1\lib\idea_rt.jar=16361:C:\Program Files\JetBrains\IntelliJ IDEA Community Edition 2023.1\bin -Dfile.encoding=UTF-8 
java_command: Main
java_class_path (initial): C:\Users\rayan\.gradle\jdks\jdk8u312-b07\jre\lib\charsets.jar;C:\Users\rayan\.gradle\jdks\jdk8u312-b07\jre\lib\ext\access-bridge-64.jar;C:\Users\rayan\.gradle\jdks\jdk8u312-b07\jre\lib\ext\cldrdata.jar;C:\Users\rayan\.gradle\jdks\jdk8u312-b07\jre\lib\ext\dnsns.jar;C:\Users\rayan\.gradle\jdks\jdk8u312-b07\jre\lib\ext\jaccess.jar;C:\Users\rayan\.gradle\jdks\jdk8u312-b07\jre\lib\ext\localedata.jar;C:\Users\rayan\.gradle\jdks\jdk8u312-b07\jre\lib\ext\nashorn.jar;C:\Users\rayan\.gradle\jdks\jdk8u312-b07\jre\lib\ext\sunec.jar;C:\Users\rayan\.gradle\jdks\jdk8u312-b07\jre\lib\ext\sunjce_provider.jar;C:\Users\rayan\.gradle\jdks\jdk8u312-b07\jre\lib\ext\sunmscapi.jar;C:\Users\rayan\.gradle\jdks\jdk8u312-b07\jre\lib\ext\sunpkcs11.jar;C:\Users\rayan\.gradle\jdks\jdk8u312-b07\jre\lib\ext\zipfs.jar;C:\Users\rayan\.gradle\jdks\jdk8u312-b07\jre\lib\jce.jar;C:\Users\rayan\.gradle\jdks\jdk8u312-b07\jre\lib\jfr.jar;C:\Users\rayan\.gradle\jdks\jdk8u312-b07\jre\lib\jsse.jar;C:\Users\rayan\.gradle\jdks\jdk8u312-b07\jre\lib\management-agent.jar;C:\Users\rayan\.gradle\jdks\jdk8u312-b07\jre\lib\resources.jar;C:\Users\rayan\.gradle\jdks\jdk8u312-b07\jre\lib\rt.jar;C:\OGLGame\target\classes;C:\Users\rayan\.m2\repository\org\joml\joml\1.9.25\joml-1.9.25.jar;C:\Users\rayan\.m2\repository\org\codehaus\mojo\exec-maven-plugin\1.6.0\exec-maven-plugin-1.6.0.jar;C:\Users\rayan\.m2\repository\org\apache\maven\maven-toolchain\2.2.1\maven-toolchain-2.2.1.jar;C:\Users\rayan\.m2\repository\org\apache\maven\maven-project\2.2.1\maven-project-2.2.1.jar;C:\Users\rayan\.m2\repository\org\apache\maven\maven-settings\2.2.1\maven-settings-2.2.1.jar;C:\Users\rayan\.m2\repository\org\apache\maven\maven-profile\2.2.1\maven-profile-2.2.1.jar;C:\Users\rayan\.m2\repository\org\apache\maven\maven-plugin-registry\2.2.1\maven-plugin-registry-2.2.1.jar;C:\Users\rayan\.m2\repository\org\codehaus\plexus\plexus-interpolation\1.11\plexus-interpolation-1.11.jar;C:\Users\rayan\.m2\repository\org\code
Launcher Type: SUN_STANDARD

Environment Variables:
PATH=C:\Program Files\Common Files\Oracle\Java\javapath;C:\Program Files (x86)\NVIDIA Corporation\PhysX\Common;C:\Program Files\PlasticSCM5\server;C:\Program Files\PlasticSCM5\client;C:\Program Files\Amazon Corretto\jdk17.0.4_8\bin;C:\Program Files (x86)\Common Files\Oracle\Java\javapath;C:\Program Files\Java\jre1.8.0_333\bin;C:\WINDOWS\system32;C:\WINDOWS;C:\WINDOWS\System32\Wbem;C:\WINDOWS\System32\WindowsPowerShell\v1.0\;C:\WINDOWS\System32\OpenSSH\;C:\Program Files\Git\cmd;C:\Program Files\dotnet\;c:\page;C:\Program Files (x86)\Gpg4win\..\GnuPG\bin;C:\metasploit-framework\bin\;C:\ProgramData\chocolatey\bin;C:\Program Files\Microsoft SQL Server\150\Tools\Binn\;C:\Program Files\Microsoft SQL Server\Client SDK\ODBC\170\Tools\Binn\;C:\Program Files\Microsoft\Web Platform Installer\;C:\Users\rayan\Downloads\php-8.1.12-Win32-vs16-x64;C:\composer;C:\ProgramData\chocolatey\lib\maven\apache-maven-3.9.1\bin;C:\Program Files\MySQL\MySQL Shell 8.0\bin\;C:\Users\rayan\AppData\Local\Microsoft\WindowsApps;C:\Users\rayan\.dotnet\tools;C:\Program Files\Java\jre1.8.0_333\bin;C:\Program Files (x86)\Nmap;C:\Users\rayan\AppData\Roaming\Composer\vendor\bin;C:\Users\rayan\AppData\Local\GitHubDesktop\bin;C:\Users\rayan\.dotnet\tools
USERNAME=rayan
OS=Windows_NT
PROCESSOR_IDENTIFIER=Intel64 Family 6 Model 165 Stepping 3, GenuineIntel



---------------  S Y S T E M  ---------------

OS: Windows 10.0 , 64 bit Build 19041 (10.0.19041.2788)

CPU:total 12 (initial active 12) (6 cores per cpu, 2 threads per core) family 6 model 165 stepping 3, cmov, cx8, fxsr, mmx, sse, sse2, sse3, ssse3, sse4.1, sse4.2, popcnt, avx, avx2, aes, clmul, erms, 3dnowpref, lzcnt, ht, tsc, tscinvbit, bmi1, bmi2, adx

Memory: 4k page, physical 16690872k(6305088k free), swap 61115132k(43555684k free)

vm_info: OpenJDK 64-Bit Server VM (25.312-b07) for windows-amd64 JRE (1.8.0_312-b07), built on Oct 19 2021 15:47:56 by "jenkins" with MS VC++ 12.0 (VS2013)

time: Mon Apr 24 11:16:49 2023
timezone: Malay Peninsula Standard Time
elapsed time: 1.423581 seconds (0d 0h 0m 1s)

